[19:07:41] [main/INFO] (FabricLoader/GameProvider) Loading Minecraft 1.20.1 with Fabric Loader 0.16.7
[19:07:42] [main/INFO] (FabricLoader) Loading 61 mods:
	- fabric-api 0.92.2+1.20.1
	- fabric-api-base 0.4.31+1802ada577
	- fabric-api-lookup-api-v1 1.6.36+1802ada577
	- fabric-biome-api-v1 13.0.13+1802ada577
	- fabric-block-api-v1 1.0.11+1802ada577
	- fabric-block-view-api-v2 1.0.1+1802ada577
	- fabric-blockrenderlayer-v1 1.1.41+1802ada577
	- fabric-client-tags-api-v1 1.1.2+1802ada577
	- fabric-command-api-v1 1.2.34+f71b366f77
	- fabric-command-api-v2 2.2.13+1802ada577
	- fabric-commands-v0 0.2.51+df3654b377
	- fabric-containers-v0 0.1.64+df3654b377
	- fabric-content-registries-v0 4.0.11+1802ada577
	- fabric-convention-tags-v1 1.5.5+1802ada577
	- fabric-crash-report-info-v1 0.2.19+1802ada577
	- fabric-data-attachment-api-v1 1.0.0+de0fd6d177
	- fabric-data-generation-api-v1 12.3.4+1802ada577
	- fabric-dimensions-v1 2.1.54+1802ada577
	- fabric-entity-events-v1 1.6.0+1c78457f77
	- fabric-events-interaction-v0 0.6.2+1802ada577
	- fabric-events-lifecycle-v0 0.2.63+df3654b377
	- fabric-game-rule-api-v1 1.0.40+1802ada577
	- fabric-gametest-api-v1 1.2.13+1802ada577
	- fabric-item-api-v1 2.1.28+1802ada577
	- fabric-item-group-api-v1 4.0.12+1802ada577
	- fabric-key-binding-api-v1 1.0.37+1802ada577
	- fabric-keybindings-v0 0.2.35+df3654b377
	- fabric-language-kotlin 1.12.3+kotlin.2.0.21
	- fabric-lifecycle-events-v1 2.2.22+1802ada577
	- fabric-loot-api-v2 1.2.1+1802ada577
	- fabric-loot-tables-v1 1.1.45+9e7660c677
	- fabric-message-api-v1 5.1.9+1802ada577
	- fabric-mining-level-api-v1 2.1.50+1802ada577
	- fabric-model-loading-api-v1 1.0.3+1802ada577
	- fabric-models-v0 0.4.2+9386d8a777
	- fabric-networking-api-v1 1.3.11+1802ada577
	- fabric-networking-v0 0.3.51+df3654b377
	- fabric-object-builder-api-v1 11.1.3+1802ada577
	- fabric-particles-v1 1.1.2+1802ada577
	- fabric-recipe-api-v1 1.0.21+1802ada577
	- fabric-registry-sync-v0 2.3.3+1802ada577
	- fabric-renderer-api-v1 3.2.1+1802ada577
	- fabric-renderer-indigo 1.5.2+85287f9f77
	- fabric-renderer-registries-v1 3.2.46+df3654b377
	- fabric-rendering-data-attachment-v1 0.3.37+92a0d36777
	- fabric-rendering-fluids-v1 3.0.28+1802ada577
	- fabric-rendering-v0 1.1.49+df3654b377
	- fabric-rendering-v1 3.0.8+1802ada577
	- fabric-resource-conditions-api-v1 2.3.8+1802ada577
	- fabric-resource-loader-v0 0.11.10+1802ada577
	- fabric-screen-api-v1 2.0.8+1802ada577
	- fabric-screen-handler-api-v1 1.3.30+1802ada577
	- fabric-sound-api-v1 1.0.13+1802ada577
	- fabric-transfer-api-v1 3.3.5+8dd72ea377
	- fabric-transitive-access-wideners-v1 4.3.1+1802ada577
	- fabricloader 0.16.7
	- hollowcore 2.0.12
	- java 17
	- minecraft 1.20.1
	- mixinextras 0.4.1
	- mysticrealms 4
[19:07:42] [main/INFO] (FabricLoader/Mixin) SpongePowered MIXIN Subsystem Version=0.8.7 Source=file:/C:/Users/Maxim/.gradle/caches/modules-2/files-2.1/net.fabricmc/sponge-mixin/0.15.3+mixin.0.8.7/51ee0a44ab05f6fddd66b09e66b3a16904f9c55d/sponge-mixin-0.15.3+mixin.0.8.7.jar Service=Knot/Fabric Env=CLIENT
[19:07:43] [main/INFO] (FabricLoader/Mixin) Loaded Fabric development mappings for mixin remapper!
[19:07:43] [main/INFO] (FabricLoader/Mixin) Compatibility level set to JAVA_16
[19:07:43] [main/INFO] (FabricLoader/Mixin) Compatibility level set to JAVA_17
[19:07:44] [main/WARN] (FabricLoader/Mixin) Error loading class: com/mojang/math/Matrix3f (java.lang.ClassNotFoundException: com/mojang/math/Matrix3f)
[19:07:44] [main/WARN] (FabricLoader/Mixin) @Mixin target com/mojang/math/Matrix3f was not found hollowcore.mixins.json:Matrix3fMixin from mod hollowcore
[19:07:44] [main/WARN] (FabricLoader/Mixin) Error loading class: com/mojang/math/Matrix4f (java.lang.ClassNotFoundException: com/mojang/math/Matrix4f)
[19:07:44] [main/WARN] (FabricLoader/Mixin) @Mixin target com/mojang/math/Matrix4f was not found hollowcore.mixins.json:Matrix4fMixin from mod hollowcore
[19:07:44] [main/INFO] (FabricLoader/MixinExtras|Service) Initializing MixinExtras via com.llamalad7.mixinextras.service.MixinExtrasServiceImpl(version=0.4.1).
[19:07:47] [main/WARN] (PerfDataUtil) Failed to add PDH Counter: \Paging File(_Total)\% Usage, Error code: 0xC0000BB8
[19:07:47] [main/WARN] (PerfCounterQueryHandler) Failed to add counter for PDH counter: \Paging File(_Total)\% Usage
[19:07:47] [main/WARN] (PerfCounterQuery) Disabling further attempts to query Paging File.
[19:07:50] [main/WARN] (WmiQueryHandler) COM exception: Invalid Query: SELECT PERCENTUSAGE FROM Win32_PerfRawData_PerfOS_PagingFile
[19:07:56] [Datafixer Bootstrap/INFO] (Minecraft) 188 Datafixer optimizations took 185 milliseconds
[19:07:59] [Render thread/INFO] (Minecraft) Environment: authHost='https://authserver.mojang.com', accountsHost='https://api.mojang.com', sessionHost='https://sessionserver.mojang.com', servicesHost='https://api.minecraftservices.com', name='PROD'
[19:07:59] [Render thread/ERROR] (Minecraft) Failed to verify authentication
com.mojang.authlib.exceptions.InvalidCredentialsException: Status: 401
	at com.mojang.authlib.exceptions.MinecraftClientHttpException.toAuthenticationException(MinecraftClientHttpException.java:56) ~[authlib-4.0.43.jar:?]
	at com.mojang.authlib.yggdrasil.YggdrasilUserApiService.fetchProperties(YggdrasilUserApiService.java:156) ~[authlib-4.0.43.jar:?]
	at com.mojang.authlib.yggdrasil.YggdrasilUserApiService.<init>(YggdrasilUserApiService.java:55) ~[authlib-4.0.43.jar:?]
	at com.mojang.authlib.yggdrasil.YggdrasilAuthenticationService.createUserApiService(YggdrasilAuthenticationService.java:124) ~[authlib-4.0.43.jar:?]
	at net.minecraft.client.Minecraft.createUserApiService(Minecraft.java:733) ~[minecraft-clientOnly-7787b014d4-1.20.1-loom.mappings.1_20_1.layered+hash.2198-v2.jar:?]
	at net.minecraft.client.Minecraft.<init>(Minecraft.java:442) ~[minecraft-clientOnly-7787b014d4-1.20.1-loom.mappings.1_20_1.layered+hash.2198-v2.jar:?]
	at net.minecraft.client.main.Main.main(Main.java:211) ~[minecraft-clientOnly-7787b014d4-1.20.1-loom.mappings.1_20_1.layered+hash.2198-v2.jar:?]
	at net.fabricmc.loader.impl.game.minecraft.MinecraftGameProvider.launch(MinecraftGameProvider.java:480) ~[fabric-loader-0.16.7.jar:?]
	at net.fabricmc.loader.impl.launch.knot.Knot.launch(Knot.java:74) ~[fabric-loader-0.16.7.jar:?]
	at net.fabricmc.loader.impl.launch.knot.KnotClient.main(KnotClient.java:23) ~[fabric-loader-0.16.7.jar:?]
	at net.fabricmc.devlaunchinjector.Main.main(Main.java:86) ~[dev-launch-injector-0.2.1+build.8.jar:?]
Caused by: com.mojang.authlib.exceptions.MinecraftClientHttpException: Status: 401
	at com.mojang.authlib.minecraft.client.MinecraftClient.readInputStream(MinecraftClient.java:85) ~[authlib-4.0.43.jar:?]
	at com.mojang.authlib.minecraft.client.MinecraftClient.get(MinecraftClient.java:48) ~[authlib-4.0.43.jar:?]
	at com.mojang.authlib.yggdrasil.YggdrasilUserApiService.fetchProperties(YggdrasilUserApiService.java:129) ~[authlib-4.0.43.jar:?]
	... 9 more
[19:07:59] [Render thread/INFO] (Minecraft) Setting user: Player781
[19:08:04] [Render thread/INFO] (HollowCore) Loading config: hollowcore.toml
[19:08:05] [Render thread/ERROR] (Minecraft) No data fixer registered for test_entity
[19:08:05] [Render thread/INFO] (HollowCore) Registering initializer: ModBlocks
[19:08:05] [Render thread/INFO] (HollowCore) Registering initializer: ModItems
[19:08:05] [Render thread/INFO] (HollowCore) Registering initializer: ModEntities
[19:08:05] [Render thread/INFO] (HollowCore) Registering initializer: ModItems
[19:08:05] [Render thread/INFO] (HollowCore) Registering initializer: ModMenus
[19:08:05] [Render thread/INFO] (Indigo) [Indigo] Registering Indigo renderer!
[19:08:07] [Render thread/INFO] (Minecraft) Backend library: LWJGL version 3.3.1 SNAPSHOT
[19:08:08] [Render thread/INFO] (HollowCore) HollowPack registered!
[19:08:09] [Render thread/INFO] (Minecraft) Reloading ResourceManager: vanilla, fabric (fabric-object-builder-api-v1, fabric-models-v0, fabric-screen-handler-api-v1, fabric-dimensions-v1, fabric-networking-v0, fabric-mining-level-api-v1, fabric-events-lifecycle-v0, fabric-game-rule-api-v1, fabric-key-binding-api-v1, fabric-transfer-api-v1, fabric-command-api-v1, fabric-item-api-v1, fabric-block-view-api-v2, fabric-rendering-data-attachment-v1, fabric-command-api-v2, fabric-crash-report-info-v1, fabric-resource-loader-v0, fabric-item-group-api-v1, fabric-keybindings-v0, fabric-api-lookup-api-v1, fabric-data-generation-api-v1, fabric-renderer-registries-v1, fabric-resource-conditions-api-v1, fabric-events-interaction-v0, fabric-transitive-access-wideners-v1, fabric-api-base, fabric-recipe-api-v1, fabric-content-registries-v0, fabric-screen-api-v1, fabric-registry-sync-v0, fabric-lifecycle-events-v1, fabric-biome-api-v1, fabric-networking-api-v1, fabric-gametest-api-v1, fabric-block-api-v1, fabric-renderer-api-v1, fabric-client-tags-api-v1, fabric-rendering-v1, fabric-containers-v0, fabric-message-api-v1, fabric-model-loading-api-v1, fabricloader, fabric-renderer-indigo, fabric-entity-events-v1, hollowcore, fabric-language-kotlin, mysticrealms, fabric-commands-v0, fabric-data-attachment-api-v1, fabric-convention-tags-v1, fabric-blockrenderlayer-v1, fabric-loot-api-v2, fabric-particles-v1, fabric-rendering-v0, fabric-rendering-fluids-v1, fabric-loot-tables-v1, fabric-sound-api-v1, fabric-api), HollowCore Resources
[19:08:09] [Worker-Main-11/INFO] (Minecraft) Found unifont_all_no_pua-15.0.06.hex, loading
[19:08:09] [Worker-Main-7/WARN] (Minecraft) Texture mysticrealms:block/deepslate_debilium_ore_side with size 1080x1080 limits mip level from 4 to 3
[19:08:09] [Worker-Main-7/WARN] (Minecraft) Texture hollowcore:item/joke with size 60x128 limits mip level from 3 to 2
[19:08:09] [Worker-Main-7/WARN] (Minecraft) Texture hollowcore:block/save_obelisk_block with size 1x1 limits mip level from 2 to 0
[19:08:09] [Worker-Main-7/WARN] (Minecraft) minecraft:textures/atlas/blocks.png: dropping miplevel from 4 to 0, because of minimum power of two: 1
[19:08:10] [Realms Notification Availability checker #1/INFO] (Minecraft) Could not authorize you against Realms server: Invalid session id
[19:08:12] [Render thread/WARN] (Minecraft) Missing sound for event: minecraft:item.goat_horn.play
[19:08:12] [Render thread/WARN] (Minecraft) Missing sound for event: minecraft:entity.goat.screaming.horn_break
[19:08:12] [Render thread/INFO] (Minecraft) OpenAL initialized on device OpenAL Soft on Динамики (USB Audio Device)
[19:08:12] [Render thread/INFO] (Minecraft) Sound engine started
[19:08:12] [Render thread/INFO] (Minecraft) Created: 8192x4096x0 minecraft:textures/atlas/blocks.png-atlas
[19:08:12] [Render thread/INFO] (Minecraft) Created: 256x256x4 minecraft:textures/atlas/signs.png-atlas
[19:08:12] [Render thread/INFO] (Minecraft) Created: 512x512x4 minecraft:textures/atlas/banner_patterns.png-atlas
[19:08:12] [Render thread/INFO] (Minecraft) Created: 512x512x4 minecraft:textures/atlas/shield_patterns.png-atlas
[19:08:12] [Render thread/INFO] (Minecraft) Created: 1024x1024x4 minecraft:textures/atlas/armor_trims.png-atlas
[19:08:12] [Render thread/INFO] (Minecraft) Created: 256x256x4 minecraft:textures/atlas/chest.png-atlas
[19:08:12] [Render thread/INFO] (Minecraft) Created: 128x64x4 minecraft:textures/atlas/decorated_pot.png-atlas
[19:08:12] [Render thread/INFO] (Minecraft) Created: 512x256x4 minecraft:textures/atlas/beds.png-atlas
[19:08:12] [Render thread/INFO] (Minecraft) Created: 512x256x4 minecraft:textures/atlas/shulker_boxes.png-atlas
[19:08:12] [Render thread/WARN] (Minecraft) Shader rendertype_entity_translucent_emissive could not find sampler named Sampler2 in the specified shader program.
[19:08:13] [Render thread/INFO] (Minecraft) Created: 256x256x0 minecraft:textures/atlas/particles.png-atlas
[19:08:13] [Render thread/INFO] (Minecraft) Created: 256x256x0 minecraft:textures/atlas/paintings.png-atlas
[19:08:13] [Render thread/INFO] (Minecraft) Created: 128x128x0 minecraft:textures/atlas/mob_effects.png-atlas
[19:08:13] [Render thread/INFO] (HollowCore) Loaded 2 models in 389.178400ms
[19:08:32] [Render thread/INFO] (HollowCore) HollowPack registered!
[19:08:32] [Render thread/INFO] (Minecraft) Found new data pack HollowCore Resources, loading it automatically
[19:08:34] [Render thread/INFO] (Minecraft) Loaded 7 recipes
[19:08:34] [Render thread/INFO] (Minecraft) Loaded 1271 advancements
[19:08:34] [Render thread/INFO] (HollowCore) Loading config: hollowcore.toml
[19:08:40] [Render thread/INFO] (HollowCore) HollowPack registered!
[19:08:40] [Render thread/INFO] (BiomeModificationImpl) Applied 53 biome modifications to 53 of 64 new biomes in 14.74 ms
[19:08:40] [Server thread/INFO] (Minecraft) Starting integrated minecraft server version 1.20.1
[19:08:40] [Server thread/INFO] (Minecraft) Generating keypair
[19:08:44] [Server thread/INFO] (Minecraft) Preparing start region for dimension minecraft:overworld
[19:08:45] [Render thread/INFO] (Minecraft) Подготовка области возрождения: 0%
[19:08:45] [Render thread/INFO] (Minecraft) Подготовка области возрождения: 0%
[19:08:45] [Render thread/INFO] (Minecraft) Подготовка области возрождения: 0%
[19:08:46] [Render thread/INFO] (Minecraft) Подготовка области возрождения: 0%
[19:08:46] [Render thread/INFO] (Minecraft) Подготовка области возрождения: 1%
[19:08:47] [Render thread/INFO] (Minecraft) Подготовка области возрождения: 1%
[19:08:47] [Render thread/INFO] (Minecraft) Подготовка области возрождения: 3%
[19:08:48] [Render thread/INFO] (Minecraft) Подготовка области возрождения: 4%
[19:08:48] [Render thread/INFO] (Minecraft) Подготовка области возрождения: 6%
[19:08:49] [Render thread/INFO] (Minecraft) Подготовка области возрождения: 8%
[19:08:49] [Render thread/INFO] (Minecraft) Подготовка области возрождения: 11%
[19:08:50] [Render thread/INFO] (Minecraft) Подготовка области возрождения: 11%
[19:08:50] [Render thread/INFO] (Minecraft) Подготовка области возрождения: 15%
[19:08:51] [Render thread/INFO] (Minecraft) Подготовка области возрождения: 17%
[19:08:51] [Render thread/INFO] (Minecraft) Подготовка области возрождения: 21%
[19:08:52] [Render thread/INFO] (Minecraft) Подготовка области возрождения: 22%
[19:08:52] [Render thread/INFO] (Minecraft) Подготовка области возрождения: 24%
[19:08:53] [Render thread/INFO] (Minecraft) Подготовка области возрождения: 28%
[19:08:53] [Render thread/INFO] (Minecraft) Подготовка области возрождения: 30%
[19:08:54] [Render thread/INFO] (Minecraft) Подготовка области возрождения: 32%
[19:08:54] [Render thread/INFO] (Minecraft) Подготовка области возрождения: 34%
[19:08:55] [Render thread/INFO] (Minecraft) Подготовка области возрождения: 39%
[19:08:55] [Render thread/INFO] (Minecraft) Подготовка области возрождения: 42%
[19:08:56] [Render thread/INFO] (Minecraft) Подготовка области возрождения: 44%
[19:08:56] [Render thread/INFO] (Minecraft) Подготовка области возрождения: 45%
[19:08:57] [Render thread/INFO] (Minecraft) Подготовка области возрождения: 50%
[19:08:57] [Render thread/INFO] (Minecraft) Подготовка области возрождения: 54%
[19:08:58] [Render thread/INFO] (Minecraft) Подготовка области возрождения: 57%
[19:08:58] [Render thread/INFO] (Minecraft) Подготовка области возрождения: 60%
[19:08:59] [Render thread/INFO] (Minecraft) Подготовка области возрождения: 65%
[19:08:59] [Render thread/INFO] (Minecraft) Подготовка области возрождения: 68%
[19:09:00] [Render thread/INFO] (Minecraft) Подготовка области возрождения: 69%
[19:09:00] [Render thread/INFO] (Minecraft) Подготовка области возрождения: 71%
[19:09:01] [Render thread/INFO] (Minecraft) Подготовка области возрождения: 75%
[19:09:01] [Render thread/INFO] (Minecraft) Подготовка области возрождения: 79%
[19:09:02] [Render thread/INFO] (Minecraft) Подготовка области возрождения: 83%
[19:09:02] [Render thread/INFO] (Minecraft) Подготовка области возрождения: 85%
[19:09:03] [Render thread/INFO] (Minecraft) Подготовка области возрождения: 87%
[19:09:03] [Render thread/INFO] (Minecraft) Подготовка области возрождения: 90%
[19:09:04] [Render thread/INFO] (Minecraft) Подготовка области возрождения: 94%
[19:09:04] [Render thread/INFO] (Minecraft) Подготовка области возрождения: 99%
[19:09:04] [Render thread/INFO] (Minecraft) Time elapsed: 20092 ms
[19:09:04] [Server thread/INFO] (Minecraft) Changing view distance to 12, from 10
[19:09:04] [Server thread/INFO] (Minecraft) Changing simulation distance to 12, from 0
[19:09:06] [Server thread/INFO] (NBTFormat) Default Serializer loaded!
[19:09:06] [Server thread/INFO] (Minecraft) Player781[local:E:dae6d8f6] logged in with entity id 207 at (-333.5, 59.0, -120.5)
[19:09:06] [Netty Local Client IO #0/WARN] (HollowCore) No player found in minecraft... How do you receive that CSyncEntityCapabilityPacket?
[19:09:06] [Server thread/INFO] (Minecraft) Player781 присоединился к игре
[19:09:07] [Render thread/INFO] (Minecraft) Loaded 2 advancements
[19:09:08] [Server thread/INFO] (Minecraft) Saving and pausing game...
[19:09:08] [Server thread/INFO] (Minecraft) Saving chunks for level 'ServerLevel[Новый мир]'/minecraft:overworld
[19:09:08] [Server thread/INFO] (Minecraft) Saving chunks for level 'ServerLevel[Новый мир]'/minecraft:the_nether
[19:09:08] [Server thread/INFO] (Minecraft) Saving chunks for level 'ServerLevel[Новый мир]'/minecraft:the_end
[19:09:38] [Server thread/INFO] (Minecraft) Locating element mysticrealms:debilium_temple took 25 ms
[19:09:38] [Render thread/INFO] (Minecraft) [System] [CHAT] Ближайшее строение типа mysticrealms:debilium_temple находится по координатам [-592, ~, 32] (в 305 блоках отсюда)
[19:09:40] [Server thread/INFO] (Minecraft) [Player781: Player781 телепортирован в точку -591.500000, 84.032601, 32.500000]
[19:09:40] [Render thread/INFO] (Minecraft) [System] [CHAT] Player781 телепортирован в точку -591.500000, 84.032601, 32.500000
[19:10:02] [Render thread/INFO] (Minecraft) Loaded 4 advancements
[19:10:31] [Server thread/INFO] (Minecraft) [Player781: Ваш режим игры изменён на Режим наблюдателя]
[19:10:31] [Render thread/INFO] (Minecraft) [System] [CHAT] Ваш режим игры изменён на Режим наблюдателя
[19:10:57] [Server thread/INFO] (Minecraft) Saving and pausing game...
[19:10:57] [Server thread/INFO] (Minecraft) Saving chunks for level 'ServerLevel[Новый мир]'/minecraft:overworld
[19:10:57] [Server thread/INFO] (Minecraft) Saving chunks for level 'ServerLevel[Новый мир]'/minecraft:the_nether
[19:10:57] [Server thread/INFO] (Minecraft) Saving chunks for level 'ServerLevel[Новый мир]'/minecraft:the_end
[19:10:57] [Server thread/INFO] (Minecraft) Player781 lost connection: Отключение
[19:10:57] [Server thread/INFO] (Minecraft) Player781 покинул игру
[19:10:57] [Server thread/INFO] (Minecraft) Stopping singleplayer server as player logged out
[19:10:57] [Server thread/INFO] (Minecraft) Stopping server
[19:10:57] [Server thread/INFO] (Minecraft) Saving players
[19:10:57] [Server thread/INFO] (Minecraft) Saving worlds
[19:10:58] [Server thread/INFO] (Minecraft) Saving chunks for level 'ServerLevel[Новый мир]'/minecraft:overworld
[19:10:59] [Server thread/INFO] (Minecraft) Saving chunks for level 'ServerLevel[Новый мир]'/minecraft:the_nether
[19:10:59] [Server thread/INFO] (Minecraft) Saving chunks for level 'ServerLevel[Новый мир]'/minecraft:the_end
[19:10:59] [Server thread/INFO] (Minecraft) ThreadedAnvilChunkStorage (Новый мир (5)): All chunks are saved
[19:10:59] [Server thread/INFO] (Minecraft) ThreadedAnvilChunkStorage (DIM-1): All chunks are saved
[19:10:59] [Server thread/INFO] (Minecraft) ThreadedAnvilChunkStorage (DIM1): All chunks are saved
[19:10:59] [Server thread/INFO] (Minecraft) ThreadedAnvilChunkStorage: All dimensions are saved
[19:11:01] [Render thread/INFO] (HollowCore) HollowPack registered!
[19:11:01] [Render thread/INFO] (Minecraft) Found new data pack HollowCore Resources, loading it automatically
[19:11:02] [Render thread/INFO] (Minecraft) Loaded 7 recipes
[19:11:02] [Render thread/INFO] (Minecraft) Loaded 1271 advancements
[19:11:02] [Render thread/INFO] (HollowCore) Loading config: hollowcore.toml
[19:11:09] [Render thread/INFO] (HollowCore) HollowPack registered!
[19:11:09] [Render thread/INFO] (BiomeModificationImpl) Applied 53 biome modifications to 53 of 64 new biomes in 5.285 ms
[19:11:09] [Server thread/INFO] (Minecraft) Starting integrated minecraft server version 1.20.1
[19:11:09] [Server thread/INFO] (Minecraft) Generating keypair
[19:11:11] [Server thread/INFO] (Minecraft) Preparing start region for dimension minecraft:overworld
[19:11:11] [Render thread/INFO] (Minecraft) Подготовка области возрождения: 0%
[19:11:11] [Render thread/INFO] (Minecraft) Подготовка области возрождения: 0%
[19:11:12] [Render thread/INFO] (Minecraft) Подготовка области возрождения: 0%
[19:11:12] [Render thread/INFO] (Minecraft) Подготовка области возрождения: 1%
[19:11:13] [Render thread/INFO] (Minecraft) Подготовка области возрождения: 4%
[19:11:13] [Render thread/INFO] (Minecraft) Подготовка области возрождения: 6%
[19:11:14] [Render thread/INFO] (Minecraft) Подготовка области возрождения: 9%
[19:11:14] [Render thread/INFO] (Minecraft) Подготовка области возрождения: 10%
[19:11:15] [Render thread/INFO] (Minecraft) Подготовка области возрождения: 11%
[19:11:15] [Render thread/INFO] (Minecraft) Подготовка области возрождения: 15%
[19:11:16] [Render thread/INFO] (Minecraft) Подготовка области возрождения: 17%
[19:11:16] [Render thread/INFO] (Minecraft) Подготовка области возрождения: 20%
[19:11:17] [Render thread/INFO] (Minecraft) Подготовка области возрождения: 23%
[19:11:17] [Render thread/INFO] (Minecraft) Подготовка области возрождения: 25%
[19:11:18] [Render thread/INFO] (Minecraft) Подготовка области возрождения: 26%
[19:11:18] [Render thread/INFO] (Minecraft) Подготовка области возрождения: 31%
[19:11:19] [Render thread/INFO] (Minecraft) Подготовка области возрождения: 33%
[19:11:19] [Render thread/INFO] (Minecraft) Подготовка области возрождения: 36%
[19:11:20] [Render thread/INFO] (Minecraft) Подготовка области возрождения: 40%
[19:11:20] [Render thread/INFO] (Minecraft) Подготовка области возрождения: 42%
[19:11:21] [Render thread/INFO] (Minecraft) Подготовка области возрождения: 44%
[19:11:21] [Render thread/INFO] (Minecraft) Подготовка области возрождения: 46%
[19:11:22] [Render thread/INFO] (Minecraft) Подготовка области возрождения: 48%
[19:11:22] [Render thread/INFO] (Minecraft) Подготовка области возрождения: 52%
[19:11:23] [Render thread/INFO] (Minecraft) Подготовка области возрождения: 55%
[19:11:23] [Render thread/INFO] (Minecraft) Подготовка области возрождения: 58%
[19:11:24] [Render thread/INFO] (Minecraft) Подготовка области возрождения: 59%
[19:11:24] [Render thread/INFO] (Minecraft) Подготовка области возрождения: 63%
[19:11:25] [Render thread/INFO] (Minecraft) Подготовка области возрождения: 68%
[19:11:25] [Render thread/INFO] (Minecraft) Подготовка области возрождения: 69%
[19:11:26] [Render thread/INFO] (Minecraft) Подготовка области возрождения: 71%
[19:11:26] [Render thread/INFO] (Minecraft) Подготовка области возрождения: 74%
[19:11:27] [Render thread/INFO] (Minecraft) Подготовка области возрождения: 78%
[19:11:27] [Render thread/INFO] (Minecraft) Подготовка области возрождения: 79%
[19:11:28] [Render thread/INFO] (Minecraft) Подготовка области возрождения: 83%
[19:11:28] [Render thread/INFO] (Minecraft) Подготовка области возрождения: 85%
[19:11:29] [Render thread/INFO] (Minecraft) Подготовка области возрождения: 88%
[19:11:29] [Render thread/INFO] (Minecraft) Подготовка области возрождения: 90%
[19:11:30] [Render thread/INFO] (Minecraft) Подготовка области возрождения: 94%
[19:11:30] [Render thread/INFO] (Minecraft) Подготовка области возрождения: 99%
[19:11:30] [Server thread/INFO] (Minecraft) Changing view distance to 12, from 10
[19:11:30] [Render thread/INFO] (Minecraft) Time elapsed: 19613 ms
[19:11:30] [Server thread/INFO] (Minecraft) Changing simulation distance to 12, from 0
[19:11:30] [Server thread/INFO] (Minecraft) Player781[local:E:8577f939] logged in with entity id 3035 at (327.5, 63.0, 384.5)
[19:11:30] [Netty Local Client IO #1/WARN] (HollowCore) No player found in minecraft... How do you receive that CSyncEntityCapabilityPacket?
[19:11:30] [Server thread/INFO] (Minecraft) Player781 присоединился к игре
[19:11:31] [Render thread/INFO] (Minecraft) Loaded 2 advancements
[19:11:44] [Server thread/INFO] (Minecraft) Locating element mysticrealms:debilium_temple took 822 ms
[19:11:44] [Render thread/INFO] (Minecraft) [System] [CHAT] Ближайшее строение типа mysticrealms:debilium_temple находится по координатам [-1520, ~, 1376] (в 2102 блоках отсюда)
[19:11:49] [Server thread/INFO] (Minecraft) [Player781: Player781 телепортирован в точку -1519.500000, 99.282602, 1376.500000]
[19:11:49] [Render thread/INFO] (Minecraft) [System] [CHAT] Player781 телепортирован в точку -1519.500000, 99.282602, 1376.500000
[19:12:03] [Server thread/INFO] (Minecraft) [Player781: Ваш режим игры изменён на Режим наблюдателя]
[19:12:03] [Render thread/INFO] (Minecraft) [System] [CHAT] Ваш режим игры изменён на Режим наблюдателя
[19:12:15] [Server thread/INFO] (Minecraft) Saving and pausing game...
[19:12:15] [Server thread/INFO] (Minecraft) Saving chunks for level 'ServerLevel[Новый мир]'/minecraft:overworld
[19:12:15] [Server thread/INFO] (Minecraft) Saving chunks for level 'ServerLevel[Новый мир]'/minecraft:the_nether
[19:12:15] [Server thread/INFO] (Minecraft) Saving chunks for level 'ServerLevel[Новый мир]'/minecraft:the_end
[19:12:25] [Server thread/INFO] (Minecraft) Saving and pausing game...
[19:12:25] [Server thread/INFO] (Minecraft) Saving chunks for level 'ServerLevel[Новый мир]'/minecraft:overworld
[19:12:25] [Server thread/INFO] (Minecraft) Saving chunks for level 'ServerLevel[Новый мир]'/minecraft:the_nether
[19:12:25] [Server thread/INFO] (Minecraft) Saving chunks for level 'ServerLevel[Новый мир]'/minecraft:the_end
[19:12:26] [Server thread/INFO] (Minecraft) Player781 lost connection: Отключение
[19:12:26] [Server thread/INFO] (Minecraft) Player781 покинул игру
[19:12:26] [Server thread/INFO] (Minecraft) Stopping singleplayer server as player logged out
[19:12:26] [Server thread/INFO] (Minecraft) Stopping server
[19:12:26] [Server thread/INFO] (Minecraft) Saving players
[19:12:26] [Server thread/INFO] (Minecraft) Saving worlds
[19:12:28] [Server thread/INFO] (Minecraft) Saving chunks for level 'ServerLevel[Новый мир]'/minecraft:overworld
[19:12:30] [Server thread/INFO] (Minecraft) Saving chunks for level 'ServerLevel[Новый мир]'/minecraft:the_nether
[19:12:30] [Server thread/INFO] (Minecraft) Saving chunks for level 'ServerLevel[Новый мир]'/minecraft:the_end
[19:12:30] [Server thread/INFO] (Minecraft) ThreadedAnvilChunkStorage (Новый мир (6)): All chunks are saved
[19:12:30] [Server thread/INFO] (Minecraft) ThreadedAnvilChunkStorage (DIM-1): All chunks are saved
[19:12:30] [Server thread/INFO] (Minecraft) ThreadedAnvilChunkStorage (DIM1): All chunks are saved
[19:12:30] [Server thread/INFO] (Minecraft) ThreadedAnvilChunkStorage: All dimensions are saved
[19:12:48] [Render thread/INFO] (Minecraft) Stopping!
